0	1	mikroCdsPIC.exe -MSF -DBG -pP30F4011 -DL -SSA -O11111114 -fo58.975999 -N"C:\Users\Admin\Desktop\RATC-B4AJ11\Main\91-7.mcpds" -EH"C:\Users\Admin\Desktop\RATC-B4AJ11\Main\91-7.ihex" -SP"C:\Users\Public\Documents\Mikroelektronika\mikroC PRO for dsPIC\Defs\" -SP"C:\Users\Public\Documents\Mikroelektronika\mikroC PRO for dsPIC\uses\" -SP"C:\Users\Admin\Desktop\RATC-B4AJ11\Main\" -SP"D:\ALI\RND\RATC-B4AJ11\Main\" -IP"D:\ALI\RND\RATC-B4AJ11\Main\" -IP"C:\Users\Admin\Desktop\RATC-B4AJ11\Main\" "91-7.c" "__Lib_Math.mcl" "__Lib_MathDouble.mcl" "__Lib_System.mcl" "__Lib_Delays.mcl" "__Lib_CType.mcl" "__Lib_CString.mcl" "__Lib_CStdlib.mcl" "__Lib_CMath.mcl" "__Lib_Setjmp.mcl" "__Lib_MemManager.mcl" "__Lib_Conversions.mcl" "__Lib_Sprintf.mcl" "__Lib_PrintOut.mcl" "__Lib_Sprinti.mcl" "__Lib_Sprintl.mcl" "__Lib_Time.mcl" "__Lib_Trigonometry.mcl" "__Lib_Button.mcl" "__Lib_Keypad4x4.mcl" "__Lib_Manchester.mcl" "__Lib_OneWire.mcl" "__Lib_PS2.mcl" "__Lib_Sound.mcl" "__Lib_SoftI2C.mcl" "__Lib_SoftSPI.mcl" "__Lib_SoftUART.mcl" "__Lib_ADC_1_p24FJ_p30.mcl" "__Lib_EEPROM_p30.mcl" "__Lib_FLASH_p30.mcl" "__Lib_I2C_1_p30.mcl" "__Lib_PWM_1.mcl" "__Lib_PWM_MC_1_p30_p33.mcl" "__Lib_SPI_1.mcl" "__Lib_UART_12_p30.mcl" "__Lib_CAN_1.mcl" "__Lib_PortExpander.mcl" "__Lib_CANSPI.mcl" "__Lib_CF.mcl" "__Lib_CFFat16.mcl" "__Lib_GlcdFonts.mcl" "__Lib_Glcd.mcl" "__Lib_LcdConsts.mcl" "__Lib_Lcd.mcl" "__Lib_Mmc.mcl" "__Lib_MmcFat16.mcl" "__Lib_MmcFat16Constants.mcl" "__Lib_RS485.mcl" "__Lib_S1D13700.mcl" "__Lib_T6963C.mcl" "__Lib_SPIGlcd.mcl" "__Lib_SPILcd.mcl" "__Lib_SPILcd8.mcl" "__Lib_SPIT6963C.mcl" "__Lib_EthEnc28j60.mcl" "__Lib_EthEnc24j600.mcl" "__Lib_TouchPanel.mcl" "__Lib_BitReverseComplex.mcl" "__Lib_FFT.mcl" "__Lib_FirRadix.mcl" "__Lib_IirRadix.mcl" "__Lib_Matrices.mcl" "__Lib_TwiddleFactors.mcl" "__Lib_Q15.mcl" "__Lib_Vectors.mcl"	 
diagnostics: 0	121	Loading...	 
diagnostics: 0	126	All files Preprocessed in 110 ms	 
diagnostics: 0	122	Compilation Started	variables.h
hint: 0	1004	interrupt handler (UART1INT at 0x0026)	uart_int_lib.h
hint: 0	1004	interrupt handler (UART2INT at 0x0044)	uart_int_lib.h
hint: 0	1004	interrupt handler (TRAP_OSC at 0x0006)	91-7.c
hint: 0	1004	interrupt handler (TRAP_ADR at 0x0008)	91-7.c
hint: 0	1004	interrupt handler (TRAP_STK at 0x000A)	91-7.c
hint: 0	1004	interrupt handler (TRAP_ART at 0x000C)	91-7.c
hint: 0	1004	interrupt handler (TMR4INT at 0x003E)	91-7.c
diagnostics: 987	123	Compiled Successfully	91-7.c
diagnostics: 0	127	All files Compiled in 1718 ms	 
hint: 0	1144	Used RX (bytes): 32 (100%)   Free RX (bytes): 0 (0%)	Used RX (bytes): 32 (100%)   Free RX (bytes): 0 (0%)
hint: 0	1144	Static RAM (bytes): 1232   Dynamic RAM (bytes): 814	Static RAM (bytes): 1232   Dynamic RAM (bytes): 814
hint: 0	1144	Used ROM (bytes): 23457 (72%)  Free ROM (bytes): 9311 (28%)	Used ROM (bytes): 23457 (72%)  Free ROM (bytes): 9311 (28%)
diagnostics: 0	125	Project Linked Successfully	91-7.mcpds
diagnostics: 0	128	Linked in 485 ms	 
diagnostics: 0	129	Project '91-7.mcpds' completed: 2594 ms	 
diagnostics: 0	103	Finished successfully: 05 Nov 2021, 16:44:06	91-7.mcpds
